2016-11-26 11:30:23 [-][-][-][error][yii\base\ErrorException:2] exception 'yii\base\ErrorException' with message 'scandir() has been disabled for security reasons' in /home/wwwroot/imoocshop/basic/vendor/yiisoft/yii2/console/controllers/HelpController.php:150
Stack trace:
#0 [internal function]: yii\base\ErrorHandler->handleError(2, 'scandir() has b...', '/home/wwwroot/i...', 150, Array)
#1 /home/wwwroot/imoocshop/basic/vendor/yiisoft/yii2/console/controllers/HelpController.php(150): scandir('/home/wwwroot/i...')
#2 /home/wwwroot/imoocshop/basic/vendor/yiisoft/yii2/console/controllers/HelpController.php(143): yii\console\controllers\HelpController->getModuleCommands(Object(yii\gii\Module))
#3 /home/wwwroot/imoocshop/basic/vendor/yiisoft/yii2/console/controllers/HelpController.php(77): yii\console\controllers\HelpController->getModuleCommands(Object(yii\console\Application))
#4 /home/wwwroot/imoocshop/basic/vendor/yiisoft/yii2/console/controllers/HelpController.php(89): yii\console\controllers\HelpController->getCommands()
#5 /home/wwwroot/imoocshop/basic/vendor/yiisoft/yii2/console/controllers/HelpController.php(184): yii\console\controllers\HelpController->getCommandDescriptions()
#6 /home/wwwroot/imoocshop/basic/vendor/yiisoft/yii2/console/controllers/HelpController.php(67): yii\console\controllers\HelpController->getDefaultHelp()
#7 [internal function]: yii\console\controllers\HelpController->actionIndex(NULL)
#8 /home/wwwroot/imoocshop/basic/vendor/yiisoft/yii2/base/InlineAction.php(55): call_user_func_array(Array, Array)
#9 /home/wwwroot/imoocshop/basic/vendor/yiisoft/yii2/base/Controller.php(154): yii\base\InlineAction->runWithParams(Array)
#10 /home/wwwroot/imoocshop/basic/vendor/yiisoft/yii2/console/Controller.php(119): yii\base\Controller->runAction('', Array)
#11 /home/wwwroot/imoocshop/basic/vendor/yiisoft/yii2/base/Module.php(454): yii\console\Controller->runAction('', Array)
#12 /home/wwwroot/imoocshop/basic/vendor/yiisoft/yii2/console/Application.php(176): yii\base\Module->runAction('', Array)
#13 /home/wwwroot/imoocshop/basic/vendor/yiisoft/yii2/console/Application.php(143): yii\console\Application->runAction('', Array)
#14 /home/wwwroot/imoocshop/basic/vendor/yiisoft/yii2/base/Application.php(375): yii\console\Application->handleRequest(Object(yii\console\Request))
#15 /home/wwwroot/imoocshop/basic/yii(20): yii\base\Application->run()
#16 {main}
2016-11-26 11:30:23 [-][-][-][info][application] $_SERVER = [
    'HOSTNAME' => 'localhost.localdomain'
    'TERM' => 'xterm'
    'SHELL' => '/bin/bash'
    'HISTSIZE' => '1000'
    'SSH_CLIENT' => '192.168.199.108 60425 22'
    'QTDIR' => '/usr/lib64/qt-3.3'
    'OLDPWD' => '/home/wwwroot/imoocshop'
    'QTINC' => '/usr/lib64/qt-3.3/include'
    'SSH_TTY' => '/dev/pts/1'
    'LC_ALL' => 'en_US.UTF-8'
    'USER' => 'root'
    'LS_COLORS' => 'rs=0:di=01;34:ln=01;36:mh=00:pi=40;33:so=01;35:do=01;35:bd=40;33;01:cd=40;33;01:or=40;31;01:mi=01;05;37;41:su=37;41:sg=30;43:ca=30;41:tw=30;42:ow=34;42:st=37;44:ex=01;32:*.tar=01;31:*.tgz=01;31:*.arj=01;31:*.taz=01;31:*.lzh=01;31:*.lzma=01;31:*.tlz=01;31:*.txz=01;31:*.zip=01;31:*.z=01;31:*.Z=01;31:*.dz=01;31:*.gz=01;31:*.lz=01;31:*.xz=01;31:*.bz2=01;31:*.tbz=01;31:*.tbz2=01;31:*.bz=01;31:*.tz=01;31:*.deb=01;31:*.rpm=01;31:*.jar=01;31:*.rar=01;31:*.ace=01;31:*.zoo=01;31:*.cpio=01;31:*.7z=01;31:*.rz=01;31:*.jpg=01;35:*.jpeg=01;35:*.gif=01;35:*.bmp=01;35:*.pbm=01;35:*.pgm=01;35:*.ppm=01;35:*.tga=01;35:*.xbm=01;35:*.xpm=01;35:*.tif=01;35:*.tiff=01;35:*.png=01;35:*.svg=01;35:*.svgz=01;35:*.mng=01;35:*.pcx=01;35:*.mov=01;35:*.mpg=01;35:*.mpeg=01;35:*.m2v=01;35:*.mkv=01;35:*.ogm=01;35:*.mp4=01;35:*.m4v=01;35:*.mp4v=01;35:*.vob=01;35:*.qt=01;35:*.nuv=01;35:*.wmv=01;35:*.asf=01;35:*.rm=01;35:*.rmvb=01;35:*.flc=01;35:*.avi=01;35:*.fli=01;35:*.flv=01;35:*.gl=01;35:*.dl=01;35:*.xcf=01;35:*.xwd=01;35:*.yuv=01;35:*.cgm=01;35:*.emf=01;35:*.axv=01;35:*.anx=01;35:*.ogv=01;35:*.ogx=01;35:*.aac=01;36:*.au=01;36:*.flac=01;36:*.mid=01;36:*.midi=01;36:*.mka=01;36:*.mp3=01;36:*.mpc=01;36:*.ogg=01;36:*.ra=01;36:*.wav=01;36:*.axa=01;36:*.oga=01;36:*.spx=01;36:*.xspf=01;36:'
    'MAIL' => '/var/spool/mail/root'
    'PATH' => '/data/usr/kubernetes/kubernetes/bin:/root/local/node/bin:/root/local/bin:/usr/lib64/qt-3.3/bin:/usr/local/sbin:/usr/local/bin:/sbin:/bin:/usr/sbin:/usr/bin:/root/bin'
    'PWD' => '/home/wwwroot/imoocshop/basic'
    'EDITOR' => 'vim'
    'LANG' => 'zh_CN.UTF-8'
    'PS1' => '\\[\\e[1;34m\\][\\u@\\h \\W]\\[\\e[1;31m\\] #\\#> \\[\\e[0m'
    'HISTCONTROL' => 'ignoredups'
    'SHLVL' => '1'
    'HOME' => '/root'
    'LOGNAME' => 'root'
    'QTLIB' => '/usr/lib64/qt-3.3/lib'
    'CVS_RSH' => 'ssh'
    'SSH_CONNECTION' => '192.168.199.108 60425 192.168.199.112 22'
    'LESSOPEN' => '|/usr/bin/lesspipe.sh %s'
    'G_BROKEN_FILENAMES' => '1'
    '_' => './yii'
    'PHP_SELF' => './yii'
    'SCRIPT_NAME' => './yii'
    'SCRIPT_FILENAME' => './yii'
    'PATH_TRANSLATED' => './yii'
    'DOCUMENT_ROOT' => ''
    'REQUEST_TIME_FLOAT' => 1480131023.5692
    'REQUEST_TIME' => 1480131023
    'argv' => [
        0 => './yii'
    ]
    'argc' => 1
]
2016-11-26 11:31:16 [-][-][-][error][yii\base\ErrorException:2] exception 'yii\base\ErrorException' with message 'exec() has been disabled for security reasons' in /home/wwwroot/imoocshop/basic/vendor/yiisoft/yii2/helpers/BaseConsole.php:622
Stack trace:
#0 [internal function]: yii\base\ErrorHandler->handleError(2, 'exec() has been...', '/home/wwwroot/i...', 622, Array)
#1 /home/wwwroot/imoocshop/basic/vendor/yiisoft/yii2/helpers/BaseConsole.php(622): exec('stty -a 2>&1', Array)
#2 /home/wwwroot/imoocshop/basic/vendor/yiisoft/yii2/helpers/BaseConsole.php(663): yii\helpers\BaseConsole::getScreenSize(false)
#3 /home/wwwroot/imoocshop/basic/vendor/yiisoft/yii2/console/controllers/HelpController.php(214): yii\helpers\BaseConsole::wrapText('Allows you to c...', 31)
#4 /home/wwwroot/imoocshop/basic/vendor/yiisoft/yii2/console/controllers/HelpController.php(67): yii\console\controllers\HelpController->getDefaultHelp()
#5 [internal function]: yii\console\controllers\HelpController->actionIndex(NULL)
#6 /home/wwwroot/imoocshop/basic/vendor/yiisoft/yii2/base/InlineAction.php(55): call_user_func_array(Array, Array)
#7 /home/wwwroot/imoocshop/basic/vendor/yiisoft/yii2/base/Controller.php(154): yii\base\InlineAction->runWithParams(Array)
#8 /home/wwwroot/imoocshop/basic/vendor/yiisoft/yii2/console/Controller.php(119): yii\base\Controller->runAction('', Array)
#9 /home/wwwroot/imoocshop/basic/vendor/yiisoft/yii2/base/Module.php(454): yii\console\Controller->runAction('', Array)
#10 /home/wwwroot/imoocshop/basic/vendor/yiisoft/yii2/console/Application.php(176): yii\base\Module->runAction('', Array)
#11 /home/wwwroot/imoocshop/basic/vendor/yiisoft/yii2/console/Application.php(143): yii\console\Application->runAction('', Array)
#12 /home/wwwroot/imoocshop/basic/vendor/yiisoft/yii2/base/Application.php(375): yii\console\Application->handleRequest(Object(yii\console\Request))
#13 /home/wwwroot/imoocshop/basic/yii(20): yii\base\Application->run()
#14 {main}
2016-11-26 11:31:16 [-][-][-][info][application] $_SERVER = [
    'HOSTNAME' => 'localhost.localdomain'
    'TERM' => 'xterm'
    'SHELL' => '/bin/bash'
    'HISTSIZE' => '1000'
    'SSH_CLIENT' => '192.168.199.108 60425 22'
    'QTDIR' => '/usr/lib64/qt-3.3'
    'OLDPWD' => '/home/wwwroot/imoocshop'
    'QTINC' => '/usr/lib64/qt-3.3/include'
    'SSH_TTY' => '/dev/pts/1'
    'LC_ALL' => 'en_US.UTF-8'
    'USER' => 'root'
    'LS_COLORS' => 'rs=0:di=01;34:ln=01;36:mh=00:pi=40;33:so=01;35:do=01;35:bd=40;33;01:cd=40;33;01:or=40;31;01:mi=01;05;37;41:su=37;41:sg=30;43:ca=30;41:tw=30;42:ow=34;42:st=37;44:ex=01;32:*.tar=01;31:*.tgz=01;31:*.arj=01;31:*.taz=01;31:*.lzh=01;31:*.lzma=01;31:*.tlz=01;31:*.txz=01;31:*.zip=01;31:*.z=01;31:*.Z=01;31:*.dz=01;31:*.gz=01;31:*.lz=01;31:*.xz=01;31:*.bz2=01;31:*.tbz=01;31:*.tbz2=01;31:*.bz=01;31:*.tz=01;31:*.deb=01;31:*.rpm=01;31:*.jar=01;31:*.rar=01;31:*.ace=01;31:*.zoo=01;31:*.cpio=01;31:*.7z=01;31:*.rz=01;31:*.jpg=01;35:*.jpeg=01;35:*.gif=01;35:*.bmp=01;35:*.pbm=01;35:*.pgm=01;35:*.ppm=01;35:*.tga=01;35:*.xbm=01;35:*.xpm=01;35:*.tif=01;35:*.tiff=01;35:*.png=01;35:*.svg=01;35:*.svgz=01;35:*.mng=01;35:*.pcx=01;35:*.mov=01;35:*.mpg=01;35:*.mpeg=01;35:*.m2v=01;35:*.mkv=01;35:*.ogm=01;35:*.mp4=01;35:*.m4v=01;35:*.mp4v=01;35:*.vob=01;35:*.qt=01;35:*.nuv=01;35:*.wmv=01;35:*.asf=01;35:*.rm=01;35:*.rmvb=01;35:*.flc=01;35:*.avi=01;35:*.fli=01;35:*.flv=01;35:*.gl=01;35:*.dl=01;35:*.xcf=01;35:*.xwd=01;35:*.yuv=01;35:*.cgm=01;35:*.emf=01;35:*.axv=01;35:*.anx=01;35:*.ogv=01;35:*.ogx=01;35:*.aac=01;36:*.au=01;36:*.flac=01;36:*.mid=01;36:*.midi=01;36:*.mka=01;36:*.mp3=01;36:*.mpc=01;36:*.ogg=01;36:*.ra=01;36:*.wav=01;36:*.axa=01;36:*.oga=01;36:*.spx=01;36:*.xspf=01;36:'
    'MAIL' => '/var/spool/mail/root'
    'PATH' => '/data/usr/kubernetes/kubernetes/bin:/root/local/node/bin:/root/local/bin:/usr/lib64/qt-3.3/bin:/usr/local/sbin:/usr/local/bin:/sbin:/bin:/usr/sbin:/usr/bin:/root/bin'
    'PWD' => '/home/wwwroot/imoocshop/basic'
    'EDITOR' => 'vim'
    'LANG' => 'zh_CN.UTF-8'
    'PS1' => '\\[\\e[1;34m\\][\\u@\\h \\W]\\[\\e[1;31m\\] #\\#> \\[\\e[0m'
    'HISTCONTROL' => 'ignoredups'
    'SHLVL' => '1'
    'HOME' => '/root'
    'LOGNAME' => 'root'
    'QTLIB' => '/usr/lib64/qt-3.3/lib'
    'CVS_RSH' => 'ssh'
    'SSH_CONNECTION' => '192.168.199.108 60425 192.168.199.112 22'
    'LESSOPEN' => '|/usr/bin/lesspipe.sh %s'
    'G_BROKEN_FILENAMES' => '1'
    '_' => './yii'
    'PHP_SELF' => './yii'
    'SCRIPT_NAME' => './yii'
    'SCRIPT_FILENAME' => './yii'
    'PATH_TRANSLATED' => './yii'
    'DOCUMENT_ROOT' => ''
    'REQUEST_TIME_FLOAT' => 1480131076.2947
    'REQUEST_TIME' => 1480131076
    'argv' => [
        0 => './yii'
    ]
    'argc' => 1
]
